[29-May-2014 17:22:53 Europe/Berlin] Hello, errors!
[29-May-2014 17:23:17 Europe/Berlin] Hello, errors!
[29-May-2014 17:23:20 Europe/Berlin] Hello, errors!
[29-May-2014 17:23:21 Europe/Berlin] Hello, errors!
[29-May-2014 17:23:21 Europe/Berlin] Hello, errors!
[29-May-2014 17:23:22 Europe/Berlin] Hello, errors!
[29-May-2014 17:23:24 Europe/Berlin] Hello, errors!
[29-May-2014 17:23:24 Europe/Berlin] PHP Notice:  A session had already been started - ignoring session_start() in /var/www/flot.test/flot/flot_flot/core/flot.php on line 52
[29-May-2014 17:23:24 Europe/Berlin] PHP Warning:  Creating default object from empty value in /var/www/flot.test/flot/flot_flot/core/items.php on line 375
[29-May-2014 17:23:24 Europe/Berlin] PHP Notice:  Trying to get property of non-object in /var/www/flot.test/flot/flot_flot/core/menus.php on line 21
[29-May-2014 17:23:24 Europe/Berlin] Hello, errors!
[29-May-2014 17:23:25 Europe/Berlin] Hello, errors!
[29-May-2014 17:23:25 Europe/Berlin] PHP Notice:  Undefined property: stdClass::$max_width in /var/www/flot.test/flot/flot_flot/core/admin_ui.php on line 143
[29-May-2014 17:23:25 Europe/Berlin] PHP Notice:  Undefined property: stdClass::$max_width in /var/www/flot.test/flot/flot_flot/core/admin_ui.php on line 143
[29-May-2014 17:23:30 Europe/Berlin] Hello, errors!
[29-May-2014 17:23:30 Europe/Berlin] Hello, errors!
[29-May-2014 17:23:30 Europe/Berlin] PHP Notice:  Undefined property: stdClass::$max_width in /var/www/flot.test/flot/flot_flot/core/admin_ui.php on line 143
[29-May-2014 17:23:30 Europe/Berlin] PHP Notice:  Undefined property: stdClass::$max_width in /var/www/flot.test/flot/flot_flot/core/admin_ui.php on line 143
[29-May-2014 17:23:58 Europe/Berlin] PHP Notice:  Undefined property: stdClass::$max_width in /var/www/flot.test/flot/flot_flot/core/admin_ui.php on line 143
[29-May-2014 17:23:58 Europe/Berlin] PHP Notice:  Undefined property: stdClass::$max_width in /var/www/flot.test/flot/flot_flot/core/admin_ui.php on line 143
[29-May-2014 17:44:41 Europe/Berlin] PHP Notice:  Undefined variable: b_errors in /var/www/flot.test/flot/flot_flot/core/admin_ui.php on line 19
[29-May-2014 17:44:43 Europe/Berlin] PHP Notice:  Undefined variable: b_errors in /var/www/flot.test/flot/flot_flot/core/admin_ui.php on line 19
[29-May-2014 17:54:48 Europe/Berlin] PHP Notice:  Undefined variable: S_ERROR_LOG_PATH in /var/www/flot.test/flot/flot_flot/core/utility.php on line 169
[29-May-2014 17:54:48 Europe/Berlin] PHP Warning:  file_get_contents(): Filename cannot be empty in /var/www/flot.test/flot/flot_flot/core/utility.php on line 169
[29-May-2014 17:54:48 Europe/Berlin] PHP Notice:  Undefined variable: S_ERROR_LOG_PATH in /var/www/flot.test/flot/flot_flot/core/utility.php on line 162
[29-May-2014 17:54:48 Europe/Berlin] PHP Fatal error:  Call to undefined method AdminUI::s_make_error_button() in /var/www/flot.test/flot/flot_flot/core/admin_ui.php on line 30
[29-May-2014 17:54:50 Europe/Berlin] PHP Notice:  Undefined variable: S_ERROR_LOG_PATH in /var/www/flot.test/flot/flot_flot/core/utility.php on line 169
[29-May-2014 17:54:50 Europe/Berlin] PHP Warning:  file_get_contents(): Filename cannot be empty in /var/www/flot.test/flot/flot_flot/core/utility.php on line 169
[29-May-2014 17:54:50 Europe/Berlin] PHP Notice:  Undefined variable: S_ERROR_LOG_PATH in /var/www/flot.test/flot/flot_flot/core/utility.php on line 162
[29-May-2014 17:54:50 Europe/Berlin] PHP Fatal error:  Call to undefined method AdminUI::s_make_error_button() in /var/www/flot.test/flot/flot_flot/core/admin_ui.php on line 30
[29-May-2014 17:55:33 Europe/Berlin] PHP Notice:  Undefined variable: S_ERROR_LOG_PATH in /var/www/flot.test/flot/flot_flot/core/utility.php on line 169
[29-May-2014 17:55:33 Europe/Berlin] PHP Warning:  file_get_contents(): Filename cannot be empty in /var/www/flot.test/flot/flot_flot/core/utility.php on line 169
[29-May-2014 17:55:33 Europe/Berlin] PHP Notice:  Undefined variable: S_ERROR_LOG_PATH in /var/www/flot.test/flot/flot_flot/core/utility.php on line 162
[29-May-2014 17:55:37 Europe/Berlin] PHP Notice:  Undefined variable: S_ERROR_LOG_PATH in /var/www/flot.test/flot/flot_flot/core/utility.php on line 162
[29-May-2014 17:55:38 Europe/Berlin] PHP Notice:  Undefined variable: S_ERROR_LOG_PATH in /var/www/flot.test/flot/flot_flot/core/utility.php on line 162
[29-May-2014 17:55:39 Europe/Berlin] PHP Notice:  Undefined property: stdClass::$max_width in /var/www/flot.test/flot/flot_flot/core/admin_ui.php on line 149
[29-May-2014 17:55:39 Europe/Berlin] PHP Notice:  Undefined property: stdClass::$max_width in /var/www/flot.test/flot/flot_flot/core/admin_ui.php on line 149
[29-May-2014 17:55:39 Europe/Berlin] PHP Notice:  Undefined variable: S_ERROR_LOG_PATH in /var/www/flot.test/flot/flot_flot/core/utility.php on line 162
[29-May-2014 17:55:39 Europe/Berlin] PHP Notice:  Undefined property: stdClass::$max_width in /var/www/flot.test/flot/flot_flot/core/admin_ui.php on line 149
[29-May-2014 17:55:39 Europe/Berlin] PHP Notice:  Undefined property: stdClass::$max_width in /var/www/flot.test/flot/flot_flot/core/admin_ui.php on line 149
[29-May-2014 17:55:39 Europe/Berlin] PHP Notice:  Undefined variable: S_ERROR_LOG_PATH in /var/www/flot.test/flot/flot_flot/core/utility.php on line 162
[29-May-2014 17:55:41 Europe/Berlin] PHP Notice:  Undefined variable: S_ERROR_LOG_PATH in /var/www/flot.test/flot/flot_flot/core/utility.php on line 162
[29-May-2014 17:55:43 Europe/Berlin] PHP Notice:  Undefined variable: S_ERROR_LOG_PATH in /var/www/flot.test/flot/flot_flot/core/utility.php on line 162
[29-May-2014 17:55:44 Europe/Berlin] PHP Notice:  Undefined variable: S_ERROR_LOG_PATH in /var/www/flot.test/flot/flot_flot/core/utility.php on line 162
[29-May-2014 17:55:45 Europe/Berlin] PHP Notice:  A session had already been started - ignoring session_start() in /var/www/flot.test/flot/flot_flot/core/flot.php on line 52
[29-May-2014 17:55:45 Europe/Berlin] PHP Warning:  Creating default object from empty value in /var/www/flot.test/flot/flot_flot/core/items.php on line 375
[29-May-2014 17:55:45 Europe/Berlin] PHP Notice:  Trying to get property of non-object in /var/www/flot.test/flot/flot_flot/core/menus.php on line 21
[29-May-2014 17:55:45 Europe/Berlin] PHP Notice:  Undefined variable: S_ERROR_LOG_PATH in /var/www/flot.test/flot/flot_flot/core/utility.php on line 162
[29-May-2014 17:55:47 Europe/Berlin] PHP Notice:  Undefined property: stdClass::$max_width in /var/www/flot.test/flot/flot_flot/core/admin_ui.php on line 149
[29-May-2014 17:55:47 Europe/Berlin] PHP Notice:  Undefined property: stdClass::$max_width in /var/www/flot.test/flot/flot_flot/core/admin_ui.php on line 149
[29-May-2014 17:55:47 Europe/Berlin] PHP Notice:  Undefined variable: S_ERROR_LOG_PATH in /var/www/flot.test/flot/flot_flot/core/utility.php on line 162
[29-May-2014 17:57:03 Europe/Berlin] PHP Notice:  Undefined variable: S_ERROR_LOG_PATH in /var/www/flot.test/flot/flot_flot/core/utility.php on line 162
[29-May-2014 17:57:04 Europe/Berlin] PHP Notice:  Undefined property: stdClass::$max_width in /var/www/flot.test/flot/flot_flot/core/admin_ui.php on line 149
[29-May-2014 17:57:04 Europe/Berlin] PHP Notice:  Undefined property: stdClass::$max_width in /var/www/flot.test/flot/flot_flot/core/admin_ui.php on line 149
[29-May-2014 17:57:04 Europe/Berlin] PHP Notice:  Undefined variable: S_ERROR_LOG_PATH in /var/www/flot.test/flot/flot_flot/core/utility.php on line 162
[29-May-2014 17:57:05 Europe/Berlin] PHP Notice:  Undefined variable: S_ERROR_LOG_PATH in /var/www/flot.test/flot/flot_flot/core/utility.php on line 162
[29-May-2014 17:58:05 Europe/Berlin] PHP Notice:  Undefined variable: S_ERROR_LOG_PATH in /var/www/flot.test/flot/flot_flot/core/utility.php on line 162
[29-May-2014 17:58:06 Europe/Berlin] PHP Notice:  Undefined variable: S_ERROR_LOG_PATH in /var/www/flot.test/flot/flot_flot/core/utility.php on line 162
[29-May-2014 17:59:25 Europe/Berlin] PHP Notice:  Undefined variable: S_ERROR_LOG_PATH in /var/www/flot.test/flot/flot_flot/core/utility.php on line 162
[29-May-2014 18:00:24 Europe/Berlin] PHP Parse error:  syntax error, unexpected '$S_BASE_PATH' (T_VARIABLE), expecting function (T_FUNCTION) in /var/www/flot.test/flot/flot_flot/core/utility.php on line 156
[29-May-2014 18:00:46 Europe/Berlin] PHP Notice:  Undefined variable: S_ERROR_LOG_PATH in /var/www/flot.test/flot/flot_flot/core/utility.php on line 164
[29-May-2014 19:35:11 Europe/Berlin] PHP Notice:  A session had already been started - ignoring session_start() in /var/www/flot.test/flot/flot_flot/core/flot.php on line 52
[29-May-2014 19:35:11 Europe/Berlin] PHP Notice:  Undefined variable: S_ERROR_LOG_PATH in /var/www/flot.test/flot/flot_flot/core/utility.php on line 161
[29-May-2014 19:35:14 Europe/Berlin] PHP Notice:  Undefined property: stdClass::$max_width in /var/www/flot.test/flot/flot_flot/core/admin_ui.php on line 149
[29-May-2014 19:35:14 Europe/Berlin] PHP Notice:  Undefined property: stdClass::$max_width in /var/www/flot.test/flot/flot_flot/core/admin_ui.php on line 149
[29-May-2014 19:35:14 Europe/Berlin] PHP Notice:  Undefined variable: S_ERROR_LOG_PATH in /var/www/flot.test/flot/flot_flot/core/utility.php on line 161
[29-May-2014 19:35:51 Europe/Berlin] PHP Notice:  Undefined property: stdClass::$max_width in /var/www/flot.test/flot/flot_flot/core/admin_ui.php on line 149
[29-May-2014 19:35:51 Europe/Berlin] PHP Notice:  Undefined property: stdClass::$max_width in /var/www/flot.test/flot/flot_flot/core/admin_ui.php on line 149
[29-May-2014 19:35:51 Europe/Berlin] PHP Notice:  Undefined variable: S_ERROR_LOG_PATH in /var/www/flot.test/flot/flot_flot/core/utility.php on line 161
[29-May-2014 19:36:21 Europe/Berlin] PHP Notice:  Undefined property: stdClass::$max_width in /var/www/flot.test/flot/flot_flot/core/admin_ui.php on line 149
[29-May-2014 19:36:21 Europe/Berlin] PHP Notice:  Undefined property: stdClass::$max_width in /var/www/flot.test/flot/flot_flot/core/admin_ui.php on line 149
[29-May-2014 19:36:21 Europe/Berlin] PHP Notice:  Undefined variable: S_ERROR_LOG_PATH in /var/www/flot.test/flot/flot_flot/core/utility.php on line 161
[29-May-2014 19:36:21 Europe/Berlin] PHP Notice:  Undefined property: stdClass::$max_width in /var/www/flot.test/flot/flot_flot/core/admin_ui.php on line 149
[29-May-2014 19:36:21 Europe/Berlin] PHP Notice:  Undefined property: stdClass::$max_width in /var/www/flot.test/flot/flot_flot/core/admin_ui.php on line 149
[29-May-2014 19:36:21 Europe/Berlin] PHP Notice:  Undefined variable: S_ERROR_LOG_PATH in /var/www/flot.test/flot/flot_flot/core/utility.php on line 161
[29-May-2014 19:36:29 Europe/Berlin] PHP Notice:  Undefined property: stdClass::$max_width in /var/www/flot.test/flot/flot_flot/core/admin_ui.php on line 149
[29-May-2014 19:36:29 Europe/Berlin] PHP Notice:  Undefined property: stdClass::$max_width in /var/www/flot.test/flot/flot_flot/core/admin_ui.php on line 149
[29-May-2014 19:36:29 Europe/Berlin] PHP Notice:  Undefined variable: S_ERROR_LOG_PATH in /var/www/flot.test/flot/flot_flot/core/utility.php on line 161
[29-May-2014 19:36:30 Europe/Berlin] PHP Notice:  Undefined property: stdClass::$max_width in /var/www/flot.test/flot/flot_flot/core/admin_ui.php on line 149
[29-May-2014 19:36:30 Europe/Berlin] PHP Notice:  Undefined property: stdClass::$max_width in /var/www/flot.test/flot/flot_flot/core/admin_ui.php on line 149
[29-May-2014 19:36:30 Europe/Berlin] PHP Notice:  Undefined variable: S_ERROR_LOG_PATH in /var/www/flot.test/flot/flot_flot/core/utility.php on line 161
[29-May-2014 19:36:54 Europe/Berlin] PHP Notice:  Undefined property: stdClass::$max_width in /var/www/flot.test/flot/flot_flot/core/admin_ui.php on line 149
[29-May-2014 19:36:54 Europe/Berlin] PHP Notice:  Undefined property: stdClass::$max_width in /var/www/flot.test/flot/flot_flot/core/admin_ui.php on line 149
[29-May-2014 19:36:54 Europe/Berlin] PHP Notice:  Undefined variable: S_ERROR_LOG_PATH in /var/www/flot.test/flot/flot_flot/core/utility.php on line 161
[29-May-2014 19:36:55 Europe/Berlin] PHP Notice:  Undefined property: stdClass::$max_width in /var/www/flot.test/flot/flot_flot/core/admin_ui.php on line 149
[29-May-2014 19:36:55 Europe/Berlin] PHP Notice:  Undefined property: stdClass::$max_width in /var/www/flot.test/flot/flot_flot/core/admin_ui.php on line 149
[29-May-2014 19:36:55 Europe/Berlin] PHP Notice:  Undefined variable: S_ERROR_LOG_PATH in /var/www/flot.test/flot/flot_flot/core/utility.php on line 161
[29-May-2014 19:40:09 Europe/Berlin] PHP Notice:  Undefined property: stdClass::$max_width in /var/www/flot.test/flot/flot_flot/core/admin_ui.php on line 149
[29-May-2014 19:40:09 Europe/Berlin] PHP Notice:  Undefined property: stdClass::$max_width in /var/www/flot.test/flot/flot_flot/core/admin_ui.php on line 149
[29-May-2014 19:40:09 Europe/Berlin] PHP Notice:  Undefined variable: S_ERROR_LOG_PATH in /var/www/flot.test/flot/flot_flot/core/base.php on line 9
[29-May-2014 19:40:09 Europe/Berlin] PHP Notice:  Undefined variable: S_ERROR_LOG_PATH in /var/www/flot.test/flot/flot_flot/core/utility.php on line 162
[29-May-2014 19:44:57 Europe/Berlin] PHP Notice:  Undefined property: stdClass::$max_width in /var/www/flot.test/flot/flot_flot/core/admin_ui.php on line 149
[29-May-2014 19:44:57 Europe/Berlin] PHP Notice:  Undefined property: stdClass::$max_width in /var/www/flot.test/flot/flot_flot/core/admin_ui.php on line 149
[29-May-2014 19:45:00 Europe/Berlin] PHP Notice:  Undefined property: stdClass::$max_width in /var/www/flot.test/flot/flot_flot/core/admin_ui.php on line 149
[29-May-2014 19:45:00 Europe/Berlin] PHP Notice:  Undefined property: stdClass::$max_width in /var/www/flot.test/flot/flot_flot/core/admin_ui.php on line 149
